# JRE version: OpenJDK Runtime Environment (11.0.10) (build 11.0.10+0-b96-7249189)
# Java VM: OpenJDK 64-Bit Server VM (11.0.10+0-b96-7249189, mixed mode, tiered, compressed oops, g1 gc, windows-amd64)
Heap:
 garbage-first heap   total 325632K, used 142336K [0x0000000080000000, 0x0000000100000000)
  region size 1024K, 7 young (7168K), 4 survivors (4096K)
 Metaspace       used 102326K, capacity 105128K, committed 105932K, reserved 1140736K
  class space    used 13234K, capacity 14278K, committed 14540K, reserved 1048576K
GC Heap History (20 events):
Event: 6.347 GC heap before
{Heap before GC invocations=4 (full 0):
 garbage-first heap   total 325632K, used 106421K [0x0000000080000000, 0x0000000100000000)
  region size 1024K, 90 young (92160K), 2 survivors (2048K)
 Metaspace       used 35040K, capacity 35826K, committed 35840K, reserved 1081344K
  class space    used 4537K, capacity 4864K, committed 4864K, reserved 1048576K
}
Event: 6.365 GC heap after
{Heap after GC invocations=5 (full 0):
 garbage-first heap   total 325632K, used 21623K [0x0000000080000000, 0x0000000100000000)
  region size 1024K, 6 young (6144K), 6 survivors (6144K)
 Metaspace       used 35040K, capacity 35826K, committed 35840K, reserved 1081344K
  class space    used 4537K, capacity 4864K, committed 4864K, reserved 1048576K
}
Event: 8.383 GC heap before
{Heap before GC invocations=6 (full 0):
 garbage-first heap   total 325632K, used 147575K [0x0000000080000000, 0x0000000100000000)
  region size 1024K, 126 young (129024K), 6 survivors (6144K)
 Metaspace       used 44935K, capacity 45993K, committed 46156K, reserved 1089536K
  class space    used 5770K, capacity 6155K, committed 6220K, reserved 1048576K
}
Event: 8.397 GC heap after
{Heap after GC invocations=7 (full 0):
 garbage-first heap   total 325632K, used 28954K [0x0000000080000000, 0x0000000100000000)
  region size 1024K, 13 young (13312K), 13 survivors (13312K)
 Metaspace       used 44935K, capacity 45993K, committed 46156K, reserved 1089536K
  class space    used 5770K, capacity 6155K, committed 6220K, reserved 1048576K
}
Event: 12.318 GC heap before
{Heap before GC invocations=7 (full 0):
 garbage-first heap   total 325632K, used 164122K [0x0000000080000000, 0x0000000100000000)
  region size 1024K, 143 young (146432K), 13 survivors (13312K)
 Metaspace       used 58790K, capacity 60167K, committed 60236K, reserved 1101824K
  class space    used 7414K, capacity 7954K, committed 8012K, reserved 1048576K
}
Event: 12.356 GC heap after
{Heap after GC invocations=8 (full 0):
 garbage-first heap   total 325632K, used 43318K [0x0000000080000000, 0x0000000100000000)
  region size 1024K, 22 young (22528K), 22 survivors (22528K)
 Metaspace       used 58790K, capacity 60167K, committed 60236K, reserved 1101824K
  class space    used 7414K, capacity 7954K, committed 8012K, reserved 1048576K
}
Event: 14.860 GC heap before
{Heap before GC invocations=9 (full 0):
 garbage-first heap   total 325632K, used 215350K [0x0000000080000000, 0x0000000100000000)
  region size 1024K, 190 young (194560K), 22 survivors (22528K)
 Metaspace       used 70610K, capacity 72339K, committed 72524K, reserved 1112064K
  class space    used 9094K, capacity 9703K, committed 9804K, reserved 1048576K
}
Event: 14.892 GC heap after
{Heap after GC invocations=10 (full 0):
 garbage-first heap   total 325632K, used 56403K [0x0000000080000000, 0x0000000100000000)
  region size 1024K, 24 young (24576K), 24 survivors (24576K)
 Metaspace       used 70610K, capacity 72339K, committed 72524K, reserved 1112064K
  class space    used 9094K, capacity 9703K, committed 9804K, reserved 1048576K
}
Event: 18.454 GC heap before
{Heap before GC invocations=10 (full 0):
 garbage-first heap   total 325632K, used 225363K [0x0000000080000000, 0x0000000100000000)
  region size 1024K, 190 young (194560K), 24 survivors (24576K)
 Metaspace       used 82312K, capacity 84398K, committed 84684K, reserved 1122304K
  class space    used 10635K, capacity 11422K, committed 11468K, reserved 1048576K
}
Event: 18.486 GC heap after
{Heap after GC invocations=11 (full 0):
 garbage-first heap   total 325632K, used 69851K [0x0000000080000000, 0x0000000100000000)
  region size 1024K, 14 young (14336K), 14 survivors (14336K)
 Metaspace       used 82312K, capacity 84398K, committed 84684K, reserved 1122304K
  class space    used 10635K, capacity 11422K, committed 11468K, reserved 1048576K
}
Event: 22.736 GC heap before
{Heap before GC invocations=11 (full 0):
 garbage-first heap   total 325632K, used 260315K [0x0000000080000000, 0x0000000100000000)
  region size 1024K, 184 young (188416K), 14 survivors (14336K)
 Metaspace       used 94501K, capacity 97241K, committed 97356K, reserved 1132544K
  class space    used 12540K, capacity 13551K, committed 13644K, reserved 1048576K
}
Event: 22.780 GC heap after
{Heap after GC invocations=12 (full 0):
 garbage-first heap   total 325632K, used 107361K [0x0000000080000000, 0x0000000100000000)
  region size 1024K, 23 young (23552K), 23 survivors (23552K)
 Metaspace       used 94501K, capacity 97241K, committed 97356K, reserved 1132544K
  class space    used 12540K, capacity 13551K, committed 13644K, reserved 1048576K
}
Event: 27.752 GC heap before
{Heap before GC invocations=12 (full 0):
 garbage-first heap   total 325632K, used 247649K [0x0000000080000000, 0x0000000100000000)
  region size 1024K, 159 young (162816K), 23 survivors (23552K)
 Metaspace       used 97380K, capacity 100388K, committed 100428K, reserved 1136640K
  class space    used 12745K, capacity 13872K, committed 13900K, reserved 1048576K
}
Event: 27.807 GC heap after
{Heap after GC invocations=13 (full 0):
 garbage-first heap   total 325632K, used 121856K [0x0000000080000000, 0x0000000100000000)
  region size 1024K, 20 young (20480K), 20 survivors (20480K)
 Metaspace       used 97380K, capacity 100388K, committed 100428K, reserved 1136640K
  class space    used 12745K, capacity 13872K, committed 13900K, reserved 1048576K
}
Event: 33.484 GC heap before
{Heap before GC invocations=13 (full 0):
 garbage-first heap   total 325632K, used 246784K [0x0000000080000000, 0x0000000100000000)
  region size 1024K, 136 young (139264K), 20 survivors (20480K)
 Metaspace       used 97655K, capacity 100666K, committed 100812K, reserved 1136640K
  class space    used 12761K, capacity 13929K, committed 14028K, reserved 1048576K
}
Event: 33.534 GC heap after
{Heap after GC invocations=14 (full 0):
 garbage-first heap   total 325632K, used 140764K [0x0000000080000000, 0x0000000100000000)
  region size 1024K, 15 young (15360K), 15 survivors (15360K)
 Metaspace       used 97655K, capacity 100666K, committed 100812K, reserved 1136640K
  class space    used 12761K, capacity 13929K, committed 14028K, reserved 1048576K
}
Event: 33.834 GC heap before
{Heap before GC invocations=14 (full 0):
 garbage-first heap   total 325632K, used 145884K [0x0000000080000000, 0x0000000100000000)
  region size 1024K, 20 young (20480K), 15 survivors (15360K)
 Metaspace       used 97656K, capacity 100666K, committed 100812K, reserved 1136640K
  class space    used 12761K, capacity 13929K, committed 14028K, reserved 1048576K
}
Event: 33.856 GC heap after
{Heap after GC invocations=15 (full 0):
 garbage-first heap   total 325632K, used 142034K [0x0000000080000000, 0x0000000100000000)
  region size 1024K, 2 young (2048K), 2 survivors (2048K)
 Metaspace       used 97656K, capacity 100666K, committed 100812K, reserved 1136640K
  class space    used 12761K, capacity 13929K, committed 14028K, reserved 1048576K
}
Event: 38.372 GC heap before
{Heap before GC invocations=16 (full 0):
 garbage-first heap   total 325632K, used 253650K [0x0000000080000000, 0x0000000100000000)
  region size 1024K, 108 young (110592K), 2 survivors (2048K)
 Metaspace       used 102136K, capacity 104924K, committed 105676K, reserved 1140736K
  class space    used 13217K, capacity 14276K, committed 14540K, reserved 1048576K
}
Event: 38.382 GC heap after
{Heap after GC invocations=17 (full 0):
 garbage-first heap   total 325632K, used 143488K [0x0000000080000000, 0x0000000100000000)
  region size 1024K, 4 young (4096K), 4 survivors (4096K)
 Metaspace       used 102136K, capacity 104924K, committed 105676K, reserved 1140736K
  class space    used 13217K, capacity 14276K, committed 14540K, reserved 1048576K
}

