# JRE version: OpenJDK Runtime Environment (11.0.10) (build 11.0.10+0-b96-7249189)
# Java VM: OpenJDK 64-Bit Server VM (11.0.10+0-b96-7249189, mixed mode, tiered, compressed oops, g1 gc, windows-amd64)
Heap:
 garbage-first heap   total 325632K, used 156920K [0x0000000080000000, 0x0000000100000000)
  region size 1024K, 77 young (78848K), 23 survivors (23552K)
 Metaspace       used 103843K, capacity 106636K, committed 106836K, reserved 1140736K
  class space    used 13633K, capacity 14706K, committed 14796K, reserved 1048576K
GC Heap History (20 events):
Event: 4.280 GC heap before
{Heap before GC invocations=1 (full 0):
 garbage-first heap   total 325632K, used 104823K [0x0000000080000000, 0x0000000100000000)
  region size 1024K, 97 young (99328K), 3 survivors (3072K)
 Metaspace       used 20585K, capacity 21092K, committed 21248K, reserved 1067008K
  class space    used 2510K, capacity 2690K, committed 2816K, reserved 1048576K
}
Event: 4.290 GC heap after
{Heap after GC invocations=2 (full 0):
 garbage-first heap   total 325632K, used 16746K [0x0000000080000000, 0x0000000100000000)
  region size 1024K, 10 young (10240K), 10 survivors (10240K)
 Metaspace       used 20585K, capacity 21092K, committed 21248K, reserved 1067008K
  class space    used 2510K, capacity 2690K, committed 2816K, reserved 1048576K
}
Event: 5.299 GC heap before
{Heap before GC invocations=3 (full 0):
 garbage-first heap   total 325632K, used 72042K [0x0000000080000000, 0x0000000100000000)
  region size 1024K, 64 young (65536K), 10 survivors (10240K)
 Metaspace       used 26035K, capacity 26747K, committed 27008K, reserved 1073152K
  class space    used 3410K, capacity 3665K, committed 3712K, reserved 1048576K
}
Event: 5.311 GC heap after
{Heap after GC invocations=4 (full 0):
 garbage-first heap   total 325632K, used 18914K [0x0000000080000000, 0x0000000100000000)
  region size 1024K, 3 young (3072K), 3 survivors (3072K)
 Metaspace       used 26035K, capacity 26747K, committed 27008K, reserved 1073152K
  class space    used 3410K, capacity 3665K, committed 3712K, reserved 1048576K
}
Event: 6.774 GC heap before
{Heap before GC invocations=4 (full 0):
 garbage-first heap   total 325632K, used 73186K [0x0000000080000000, 0x0000000100000000)
  region size 1024K, 57 young (58368K), 3 survivors (3072K)
 Metaspace       used 35037K, capacity 35826K, committed 35840K, reserved 1081344K
  class space    used 4538K, capacity 4864K, committed 4864K, reserved 1048576K
}
Event: 6.786 GC heap after
{Heap after GC invocations=5 (full 0):
 garbage-first heap   total 325632K, used 22018K [0x0000000080000000, 0x0000000100000000)
  region size 1024K, 6 young (6144K), 6 survivors (6144K)
 Metaspace       used 35037K, capacity 35826K, committed 35840K, reserved 1081344K
  class space    used 4538K, capacity 4864K, committed 4864K, reserved 1048576K
}
Event: 8.477 GC heap before
{Heap before GC invocations=6 (full 0):
 garbage-first heap   total 325632K, used 132610K [0x0000000080000000, 0x0000000100000000)
  region size 1024K, 111 young (113664K), 6 survivors (6144K)
 Metaspace       used 43750K, capacity 44802K, committed 45004K, reserved 1087488K
  class space    used 5597K, capacity 5970K, committed 6092K, reserved 1048576K
}
Event: 8.492 GC heap after
{Heap after GC invocations=7 (full 0):
 garbage-first heap   total 325632K, used 28320K [0x0000000080000000, 0x0000000100000000)
  region size 1024K, 12 young (12288K), 12 survivors (12288K)
 Metaspace       used 43750K, capacity 44802K, committed 45004K, reserved 1087488K
  class space    used 5597K, capacity 5970K, committed 6092K, reserved 1048576K
}
Event: 13.150 GC heap before
{Heap before GC invocations=7 (full 0):
 garbage-first heap   total 325632K, used 176800K [0x0000000080000000, 0x0000000100000000)
  region size 1024K, 155 young (158720K), 12 survivors (12288K)
 Metaspace       used 58695K, capacity 60090K, committed 60236K, reserved 1101824K
  class space    used 7401K, capacity 7928K, committed 8012K, reserved 1048576K
}
Event: 13.191 GC heap after
{Heap after GC invocations=8 (full 0):
 garbage-first heap   total 325632K, used 43569K [0x0000000080000000, 0x0000000100000000)
  region size 1024K, 21 young (21504K), 21 survivors (21504K)
 Metaspace       used 58695K, capacity 60090K, committed 60236K, reserved 1101824K
  class space    used 7401K, capacity 7928K, committed 8012K, reserved 1048576K
}
Event: 15.794 GC heap before
{Heap before GC invocations=9 (full 0):
 garbage-first heap   total 325632K, used 216625K [0x0000000080000000, 0x0000000100000000)
  region size 1024K, 190 young (194560K), 21 survivors (21504K)
 Metaspace       used 70664K, capacity 72368K, committed 72524K, reserved 1112064K
  class space    used 9103K, capacity 9712K, committed 9804K, reserved 1048576K
}
Event: 15.826 GC heap after
{Heap after GC invocations=10 (full 0):
 garbage-first heap   total 325632K, used 56285K [0x0000000080000000, 0x0000000100000000)
  region size 1024K, 24 young (24576K), 24 survivors (24576K)
 Metaspace       used 70664K, capacity 72368K, committed 72524K, reserved 1112064K
  class space    used 9103K, capacity 9712K, committed 9804K, reserved 1048576K
}
Event: 19.579 GC heap before
{Heap before GC invocations=10 (full 0):
 garbage-first heap   total 325632K, used 225245K [0x0000000080000000, 0x0000000100000000)
  region size 1024K, 190 young (194560K), 24 survivors (24576K)
 Metaspace       used 82424K, capacity 84545K, committed 84684K, reserved 1122304K
  class space    used 10644K, capacity 11426K, committed 11468K, reserved 1048576K
}
Event: 19.615 GC heap after
{Heap after GC invocations=11 (full 0):
 garbage-first heap   total 325632K, used 70156K [0x0000000080000000, 0x0000000100000000)
  region size 1024K, 14 young (14336K), 14 survivors (14336K)
 Metaspace       used 82424K, capacity 84545K, committed 84684K, reserved 1122304K
  class space    used 10644K, capacity 11426K, committed 11468K, reserved 1048576K
}
Event: 23.673 GC heap before
{Heap before GC invocations=11 (full 0):
 garbage-first heap   total 325632K, used 243212K [0x0000000080000000, 0x0000000100000000)
  region size 1024K, 181 young (185344K), 14 survivors (14336K)
 Metaspace       used 83299K, capacity 85437K, committed 85580K, reserved 1124352K
  class space    used 10713K, capacity 11513K, committed 11596K, reserved 1048576K
}
Event: 23.690 GC heap after
{Heap after GC invocations=12 (full 0):
 garbage-first heap   total 325632K, used 75776K [0x0000000080000000, 0x0000000100000000)
  region size 1024K, 4 young (4096K), 4 survivors (4096K)
 Metaspace       used 83299K, capacity 85437K, committed 85580K, reserved 1124352K
  class space    used 10713K, capacity 11513K, committed 11596K, reserved 1048576K
}
Event: 31.751 GC heap before
{Heap before GC invocations=12 (full 0):
 garbage-first heap   total 325632K, used 251904K [0x0000000080000000, 0x0000000100000000)
  region size 1024K, 175 young (179200K), 4 survivors (4096K)
 Metaspace       used 92495K, capacity 94850K, committed 95180K, reserved 1132544K
  class space    used 11831K, capacity 12668K, committed 12748K, reserved 1048576K
}
Event: 31.765 GC heap after
{Heap after GC invocations=13 (full 0):
 garbage-first heap   total 325632K, used 79560K [0x0000000080000000, 0x0000000100000000)
  region size 1024K, 8 young (8192K), 8 survivors (8192K)
 Metaspace       used 92495K, capacity 94850K, committed 95180K, reserved 1132544K
  class space    used 11831K, capacity 12668K, committed 12748K, reserved 1048576K
}
Event: 35.193 GC heap before
{Heap before GC invocations=13 (full 0):
 garbage-first heap   total 325632K, used 165576K [0x0000000080000000, 0x0000000100000000)
  region size 1024K, 77 young (78848K), 8 survivors (8192K)
 Metaspace       used 98279K, capacity 100748K, committed 100820K, reserved 1136640K
  class space    used 12626K, capacity 13581K, committed 13644K, reserved 1048576K
}
Event: 35.248 GC heap after
{Heap after GC invocations=14 (full 0):
 garbage-first heap   total 325632K, used 103672K [0x0000000080000000, 0x0000000100000000)
  region size 1024K, 23 young (23552K), 23 survivors (23552K)
 Metaspace       used 98279K, capacity 100748K, committed 100820K, reserved 1136640K
  class space    used 12626K, capacity 13581K, committed 13644K, reserved 1048576K
}

