# JRE version: OpenJDK Runtime Environment (11.0.10) (build 11.0.10+0-b96-7249189)
# Java VM: OpenJDK 64-Bit Server VM (11.0.10+0-b96-7249189, mixed mode, tiered, compressed oops, g1 gc, windows-amd64)
Heap:
 garbage-first heap   total 328704K, used 200651K [0x0000000080000000, 0x0000000100000000)
  region size 1024K, 27 young (27648K), 6 survivors (6144K)
 Metaspace       used 134289K, capacity 137989K, committed 138200K, reserved 1169408K
  class space    used 16826K, capacity 18147K, committed 18176K, reserved 1048576K
GC Heap History (20 events):
Event: 29.705 GC heap before
{Heap before GC invocations=28 (full 0):
 garbage-first heap   total 325632K, used 261459K [0x0000000080000000, 0x0000000100000000)
  region size 1024K, 156 young (159744K), 11 survivors (11264K)
 Metaspace       used 103111K, capacity 106049K, committed 106240K, reserved 1140736K
  class space    used 13181K, capacity 14242K, committed 14336K, reserved 1048576K
}
Event: 29.713 GC heap after
{Heap after GC invocations=29 (full 0):
 garbage-first heap   total 325632K, used 113664K [0x0000000080000000, 0x0000000100000000)
  region size 1024K, 5 young (5120K), 5 survivors (5120K)
 Metaspace       used 103111K, capacity 106049K, committed 106240K, reserved 1140736K
  class space    used 13181K, capacity 14242K, committed 14336K, reserved 1048576K
}
Event: 121.852 GC heap before
{Heap before GC invocations=29 (full 0):
 garbage-first heap   total 325632K, used 266240K [0x0000000080000000, 0x0000000100000000)
  region size 1024K, 155 young (158720K), 5 survivors (5120K)
 Metaspace       used 113820K, capacity 117160K, committed 117248K, reserved 1150976K
  class space    used 14414K, capacity 15604K, committed 15616K, reserved 1048576K
}
Event: 121.876 GC heap after
{Heap after GC invocations=30 (full 0):
 garbage-first heap   total 325632K, used 115129K [0x0000000080000000, 0x0000000100000000)
  region size 1024K, 9 young (9216K), 9 survivors (9216K)
 Metaspace       used 113820K, capacity 117160K, committed 117248K, reserved 1150976K
  class space    used 14414K, capacity 15604K, committed 15616K, reserved 1048576K
}
Event: 124.861 GC heap before
{Heap before GC invocations=30 (full 0):
 garbage-first heap   total 325632K, used 182713K [0x0000000080000000, 0x0000000100000000)
  region size 1024K, 77 young (78848K), 9 survivors (9216K)
 Metaspace       used 116985K, capacity 120435K, committed 120536K, reserved 1153024K
  class space    used 14838K, capacity 16109K, committed 16128K, reserved 1048576K
}
Event: 124.889 GC heap after
{Heap after GC invocations=31 (full 0):
 garbage-first heap   total 325632K, used 120560K [0x0000000080000000, 0x0000000100000000)
  region size 1024K, 14 young (14336K), 14 survivors (14336K)
 Metaspace       used 116985K, capacity 120435K, committed 120536K, reserved 1153024K
  class space    used 14838K, capacity 16109K, committed 16128K, reserved 1048576K
}
Event: 130.043 GC heap before
{Heap before GC invocations=32 (full 0):
 garbage-first heap   total 325632K, used 294640K [0x0000000080000000, 0x0000000100000000)
  region size 1024K, 159 young (162816K), 14 survivors (14336K)
 Metaspace       used 117416K, capacity 120599K, committed 121560K, reserved 1155072K
  class space    used 14722K, capacity 15824K, committed 16128K, reserved 1048576K
}
Event: 130.112 GC heap after
{Heap after GC invocations=33 (full 0):
 garbage-first heap   total 328704K, used 139622K [0x0000000080000000, 0x0000000100000000)
  region size 1024K, 20 young (20480K), 20 survivors (20480K)
 Metaspace       used 117416K, capacity 120599K, committed 121560K, reserved 1155072K
  class space    used 14722K, capacity 15824K, committed 16128K, reserved 1048576K
}
Event: 132.489 GC heap before
{Heap before GC invocations=33 (full 0):
 garbage-first heap   total 328704K, used 265574K [0x0000000080000000, 0x0000000100000000)
  region size 1024K, 144 young (147456K), 20 survivors (20480K)
 Metaspace       used 122759K, capacity 125959K, committed 126936K, reserved 1159168K
  class space    used 15171K, capacity 16268K, committed 16640K, reserved 1048576K
}
Event: 132.512 GC heap after
{Heap after GC invocations=34 (full 0):
 garbage-first heap   total 328704K, used 142951K [0x0000000080000000, 0x0000000100000000)
  region size 1024K, 3 young (3072K), 3 survivors (3072K)
 Metaspace       used 122759K, capacity 125959K, committed 126936K, reserved 1159168K
  class space    used 15171K, capacity 16268K, committed 16640K, reserved 1048576K
}
Event: 134.500 GC heap before
{Heap before GC invocations=34 (full 0):
 garbage-first heap   total 328704K, used 268903K [0x0000000080000000, 0x0000000100000000)
  region size 1024K, 127 young (130048K), 3 survivors (3072K)
 Metaspace       used 127175K, capacity 130585K, committed 131288K, reserved 1163264K
  class space    used 15715K, capacity 16875K, committed 17152K, reserved 1048576K
}
Event: 134.515 GC heap after
{Heap after GC invocations=35 (full 0):
 garbage-first heap   total 328704K, used 149776K [0x0000000080000000, 0x0000000100000000)
  region size 1024K, 10 young (10240K), 10 survivors (10240K)
 Metaspace       used 127175K, capacity 130585K, committed 131288K, reserved 1163264K
  class space    used 15715K, capacity 16875K, committed 17152K, reserved 1048576K
}
Event: 134.850 GC heap before
{Heap before GC invocations=35 (full 0):
 garbage-first heap   total 328704K, used 180496K [0x0000000080000000, 0x0000000100000000)
  region size 1024K, 35 young (35840K), 10 survivors (10240K)
 Metaspace       used 128401K, capacity 131834K, committed 132184K, reserved 1165312K
  class space    used 15901K, capacity 17086K, committed 17280K, reserved 1048576K
}
Event: 134.863 GC heap after
{Heap after GC invocations=36 (full 0):
 garbage-first heap   total 328704K, used 155858K [0x0000000080000000, 0x0000000100000000)
  region size 1024K, 9 young (9216K), 9 survivors (9216K)
 Metaspace       used 128401K, capacity 131834K, committed 132184K, reserved 1165312K
  class space    used 15901K, capacity 17086K, committed 17280K, reserved 1048576K
}
Event: 136.212 GC heap before
{Heap before GC invocations=37 (full 0):
 garbage-first heap   total 328704K, used 274432K [0x0000000080000000, 0x0000000100000000)
  region size 1024K, 126 young (129024K), 9 survivors (9216K)
 Metaspace       used 131863K, capacity 135396K, committed 135640K, reserved 1167360K
  class space    used 16496K, capacity 17750K, committed 17920K, reserved 1048576K
}
Event: 136.266 GC heap after
{Heap after GC invocations=38 (full 0):
 garbage-first heap   total 328704K, used 178823K [0x0000000080000000, 0x0000000100000000)
  region size 1024K, 16 young (16384K), 16 survivors (16384K)
 Metaspace       used 131863K, capacity 135396K, committed 135640K, reserved 1167360K
  class space    used 16496K, capacity 17750K, committed 17920K, reserved 1048576K
}
Event: 136.318 GC heap before
{Heap before GC invocations=38 (full 0):
 garbage-first heap   total 328704K, used 179847K [0x0000000080000000, 0x0000000100000000)
  region size 1024K, 17 young (17408K), 16 survivors (16384K)
 Metaspace       used 132062K, capacity 135503K, committed 135896K, reserved 1167360K
  class space    used 16527K, capacity 17764K, committed 17920K, reserved 1048576K
}
Event: 136.352 GC heap after
{Heap after GC invocations=39 (full 0):
 garbage-first heap   total 328704K, used 174027K [0x0000000080000000, 0x0000000100000000)
  region size 1024K, 2 young (2048K), 2 survivors (2048K)
 Metaspace       used 132062K, capacity 135503K, committed 135896K, reserved 1167360K
  class space    used 16527K, capacity 17764K, committed 17920K, reserved 1048576K
}
Event: 137.489 GC heap before
{Heap before GC invocations=39 (full 0):
 garbage-first heap   total 328704K, used 229323K [0x0000000080000000, 0x0000000100000000)
  region size 1024K, 57 young (58368K), 2 survivors (2048K)
 Metaspace       used 134067K, capacity 137714K, committed 137944K, reserved 1169408K
  class space    used 16803K, capacity 18104K, committed 18176K, reserved 1048576K
}
Event: 137.504 GC heap after
{Heap after GC invocations=40 (full 0):
 garbage-first heap   total 328704K, used 178123K [0x0000000080000000, 0x0000000100000000)
  region size 1024K, 6 young (6144K), 6 survivors (6144K)
 Metaspace       used 134067K, capacity 137714K, committed 137944K, reserved 1169408K
  class space    used 16803K, capacity 18104K, committed 18176K, reserved 1048576K
}

