# JRE version: OpenJDK Runtime Environment (11.0.10) (build 11.0.10+0-b96-7249189)
# Java VM: OpenJDK 64-Bit Server VM (11.0.10+0-b96-7249189, mixed mode, tiered, compressed oops, g1 gc, windows-amd64)
Heap:
 garbage-first heap   total 325632K, used 205240K [0x0000000080000000, 0x0000000100000000)
  region size 1024K, 50 young (51200K), 6 survivors (6144K)
 Metaspace       used 97693K, capacity 100090K, committed 100556K, reserved 1136640K
  class space    used 12699K, capacity 13614K, committed 13772K, reserved 1048576K
GC Heap History (20 events):
Event: 7.280 GC heap before
{Heap before GC invocations=7 (full 0):
 garbage-first heap   total 325632K, used 115021K [0x0000000080000000, 0x0000000100000000)
  region size 1024K, 94 young (96256K), 6 survivors (6144K)
 Metaspace       used 42459K, capacity 43382K, committed 43468K, reserved 1087488K
  class space    used 5390K, capacity 5750K, committed 5836K, reserved 1048576K
}
Event: 7.292 GC heap after
{Heap after GC invocations=8 (full 0):
 garbage-first heap   total 325632K, used 28086K [0x0000000080000000, 0x0000000100000000)
  region size 1024K, 12 young (12288K), 12 survivors (12288K)
 Metaspace       used 42459K, capacity 43382K, committed 43468K, reserved 1087488K
  class space    used 5390K, capacity 5750K, committed 5836K, reserved 1048576K
}
Event: 9.989 GC heap before
{Heap before GC invocations=8 (full 0):
 garbage-first heap   total 325632K, used 150966K [0x0000000080000000, 0x0000000100000000)
  region size 1024K, 129 young (132096K), 12 survivors (12288K)
 Metaspace       used 51485K, capacity 52884K, committed 53196K, reserved 1095680K
  class space    used 6556K, capacity 7045K, committed 7116K, reserved 1048576K
}
Event: 10.008 GC heap after
{Heap after GC invocations=9 (full 0):
 garbage-first heap   total 325632K, used 40964K [0x0000000080000000, 0x0000000100000000)
  region size 1024K, 17 young (17408K), 17 survivors (17408K)
 Metaspace       used 51485K, capacity 52884K, committed 53196K, reserved 1095680K
  class space    used 6556K, capacity 7045K, committed 7116K, reserved 1048576K
}
Event: 11.562 GC heap before
{Heap before GC invocations=9 (full 0):
 garbage-first heap   total 325632K, used 83972K [0x0000000080000000, 0x0000000100000000)
  region size 1024K, 60 young (61440K), 17 survivors (17408K)
 Metaspace       used 58679K, capacity 60100K, committed 60236K, reserved 1101824K
  class space    used 7397K, capacity 7931K, committed 8012K, reserved 1048576K
}
Event: 11.592 GC heap after
{Heap after GC invocations=10 (full 0):
 garbage-first heap   total 325632K, used 43935K [0x0000000080000000, 0x0000000100000000)
  region size 1024K, 13 young (13312K), 13 survivors (13312K)
 Metaspace       used 58679K, capacity 60100K, committed 60236K, reserved 1101824K
  class space    used 7397K, capacity 7931K, committed 8012K, reserved 1048576K
}
Event: 13.636 GC heap before
{Heap before GC invocations=11 (full 0):
 garbage-first heap   total 325632K, used 163743K [0x0000000080000000, 0x0000000100000000)
  region size 1024K, 130 young (133120K), 13 survivors (13312K)
 Metaspace       used 68390K, capacity 69997K, committed 70092K, reserved 1110016K
  class space    used 8791K, capacity 9379K, committed 9420K, reserved 1048576K
}
Event: 13.652 GC heap after
{Heap after GC invocations=12 (full 0):
 garbage-first heap   total 325632K, used 53765K [0x0000000080000000, 0x0000000100000000)
  region size 1024K, 12 young (12288K), 12 survivors (12288K)
 Metaspace       used 68390K, capacity 69997K, committed 70092K, reserved 1110016K
  class space    used 8791K, capacity 9379K, committed 9420K, reserved 1048576K
}
Event: 16.180 GC heap before
{Heap before GC invocations=12 (full 0):
 garbage-first heap   total 325632K, used 182789K [0x0000000080000000, 0x0000000100000000)
  region size 1024K, 138 young (141312K), 12 survivors (12288K)
 Metaspace       used 77880K, capacity 79675K, committed 79948K, reserved 1118208K
  class space    used 10101K, capacity 10760K, committed 10828K, reserved 1048576K
}
Event: 16.198 GC heap after
{Heap after GC invocations=13 (full 0):
 garbage-first heap   total 325632K, used 62419K [0x0000000080000000, 0x0000000100000000)
  region size 1024K, 18 young (18432K), 18 survivors (18432K)
 Metaspace       used 77880K, capacity 79675K, committed 79948K, reserved 1118208K
  class space    used 10101K, capacity 10760K, committed 10828K, reserved 1048576K
}
Event: 20.228 GC heap before
{Heap before GC invocations=13 (full 0):
 garbage-first heap   total 325632K, used 198611K [0x0000000080000000, 0x0000000100000000)
  region size 1024K, 152 young (155648K), 18 survivors (18432K)
 Metaspace       used 83750K, capacity 85880K, committed 86220K, reserved 1124352K
  class space    used 10790K, capacity 11608K, committed 11724K, reserved 1048576K
}
Event: 20.255 GC heap after
{Heap after GC invocations=14 (full 0):
 garbage-first heap   total 325632K, used 72849K [0x0000000080000000, 0x0000000100000000)
  region size 1024K, 19 young (19456K), 19 survivors (19456K)
 Metaspace       used 83750K, capacity 85880K, committed 86220K, reserved 1124352K
  class space    used 10790K, capacity 11608K, committed 11724K, reserved 1048576K
}
Event: 24.270 GC heap before
{Heap before GC invocations=14 (full 0):
 garbage-first heap   total 325632K, used 225425K [0x0000000080000000, 0x0000000100000000)
  region size 1024K, 154 young (157696K), 19 survivors (19456K)
 Metaspace       used 92526K, capacity 94884K, committed 94924K, reserved 1130496K
  class space    used 12113K, capacity 12964K, committed 13004K, reserved 1048576K
}
Event: 24.309 GC heap after
{Heap after GC invocations=15 (full 0):
 garbage-first heap   total 325632K, used 106411K [0x0000000080000000, 0x0000000100000000)
  region size 1024K, 20 young (20480K), 20 survivors (20480K)
 Metaspace       used 92526K, capacity 94884K, committed 94924K, reserved 1130496K
  class space    used 12113K, capacity 12964K, committed 13004K, reserved 1048576K
}
Event: 28.489 GC heap before
{Heap before GC invocations=15 (full 0):
 garbage-first heap   total 325632K, used 226219K [0x0000000080000000, 0x0000000100000000)
  region size 1024K, 135 young (138240K), 20 survivors (20480K)
 Metaspace       used 95513K, capacity 98040K, committed 98252K, reserved 1134592K
  class space    used 12520K, capacity 13466K, committed 13516K, reserved 1048576K
}
Event: 28.561 GC heap after
{Heap after GC invocations=16 (full 0):
 garbage-first heap   total 325632K, used 138000K [0x0000000080000000, 0x0000000100000000)
  region size 1024K, 17 young (17408K), 17 survivors (17408K)
 Metaspace       used 95513K, capacity 98040K, committed 98252K, reserved 1134592K
  class space    used 12520K, capacity 13466K, committed 13516K, reserved 1048576K
}
Event: 34.158 GC heap before
{Heap before GC invocations=16 (full 0):
 garbage-first heap   total 325632K, used 237328K [0x0000000080000000, 0x0000000100000000)
  region size 1024K, 112 young (114688K), 17 survivors (17408K)
 Metaspace       used 97450K, capacity 100061K, committed 100300K, reserved 1136640K
  class space    used 12729K, capacity 13702K, committed 13772K, reserved 1048576K
}
Event: 34.189 GC heap after
{Heap after GC invocations=17 (full 0):
 garbage-first heap   total 325632K, used 155648K [0x0000000080000000, 0x0000000100000000)
  region size 1024K, 11 young (11264K), 11 survivors (11264K)
 Metaspace       used 97450K, capacity 100061K, committed 100300K, reserved 1136640K
  class space    used 12729K, capacity 13702K, committed 13772K, reserved 1048576K
}
Event: 35.089 GC heap before
{Heap before GC invocations=17 (full 0):
 garbage-first heap   total 325632K, used 184320K [0x0000000080000000, 0x0000000100000000)
  region size 1024K, 40 young (40960K), 11 survivors (11264K)
 Metaspace       used 97562K, capacity 100135K, committed 100300K, reserved 1136640K
  class space    used 12731K, capacity 13704K, committed 13772K, reserved 1048576K
}
Event: 35.102 GC heap after
{Heap after GC invocations=18 (full 0):
 garbage-first heap   total 325632K, used 162232K [0x0000000080000000, 0x0000000100000000)
  region size 1024K, 6 young (6144K), 6 survivors (6144K)
 Metaspace       used 97562K, capacity 100135K, committed 100300K, reserved 1136640K
  class space    used 12731K, capacity 13704K, committed 13772K, reserved 1048576K
}

